10.0674 	WARNING 	We strongly recommend you activate the PTB sound engine in PsychoPy prefs as the preferred audio engine. Its timing is vastly superior. Your prefs are currently set to use ['sounddevice', 'PTB', 'pyo', 'pygame'] (in that order).
17.9880 	WARNING 	User requested fullscreen with size [1024  768], but screen is actually [1680, 1050]. Using actual size
20.6339 	WARNING 	Couldn't measure a consistent frame rate!
  - Is your graphics card set to sync to vertical blank?
  - Are you running other processes on your computer?

20.6361 	EXP 	Created window1 = Window(allowGUI=True, allowStencil=False, autoLog=True, backendConf=UNKNOWN, bitsMode=UNKNOWN, blendMode='avg', bpc=(8, 8, 8), color=array([0, 0, 0]), colorSpace='rgb', depthBits=8, fullscr=<method-wrapper '__getattribute__' of attributeSetter object at 0x7fba88f8fc10>, gamma=None, gammaErrorPolicy='raise', lms=UNKNOWN, monitor=<psychopy.monitors.calibTools.Monitor object at 0x7fba56564a30>, multiSample=False, name='window1', numSamples=2, pos=[420.0, 262.5], screen=0, size=array([3360, 2100]), stencilBits=0, stereo=False, units='height', useFBO=True, useRetina=True, viewOri=0.0, viewPos=None, viewScale=None, waitBlanking=True, winType='pyglet')
20.6370 	EXP 	window1: mouseVisible = True
20.6380 	EXP 	window1: mouseVisible = False
20.6380 	EXP 	window1: Attempting to measure frame rate of screen (0) ...
20.6380 	EXP 	window1: recordFrameIntervals = False
20.8000 	EXP 	window1: recordFrameIntervals = True
20.9047 	WARNING 	t of last frame was 23.26ms (=1/42)
21.4743 	WARNING 	t of last frame was 28.05ms (=1/35)
21.5077 	WARNING 	t of last frame was 20.98ms (=1/47)
21.7390 	WARNING 	t of last frame was 26.32ms (=1/37)
21.7915 	WARNING 	Multiple dropped frames have occurred - I'll stop bothering you about them!
22.4664 	WARNING 	Couldn't measure a consistent frame rate!
  - Is your graphics card set to sync to vertical blank?
  - Are you running other processes on your computer?

26.4589 	EXP 	Created text = TextStim(__class__=<class 'psychopy.visual.text.TextStim'>, alignHoriz=method-wrapper(...), alignText='center', alignVert=method-wrapper(...), anchorHoriz='center', anchorVert='center', antialias=True, autoDraw=False, autoLog=True, bold=False, color=array([1, 1, 1]), colorSpace='rgb', contrast=1.0, depth=0.0, flipHoriz=False, flipVert=False, font='Open Sans', fontFiles=[], height=0.05, italic=False, languageStyle='LTR', name='text', opacity=1.0, ori=0.0, pos=array([0., 0.]), rgb=UNKNOWN, text='Welcome to the Name Generation Task', units='height', win=Window(...), wrapWidth=1)
26.4862 	EXP 	Created text_2 = TextStim(__class__=<class 'psychopy.visual.text.TextStim'>, alignHoriz=method-wrapper(...), alignText='center', alignVert=method-wrapper(...), anchorHoriz='center', anchorVert='center', antialias=True, autoDraw=False, autoLog=True, bold=False, color=array([1, 1, 1]), colorSpace='rgb', contrast=1.0, depth=0.0, flipHoriz=False, flipVert=False, font='Open Sans', fontFiles=[], height=0.05, italic=False, languageStyle='LTR', name='text_2', opacity=1.0, ori=0.0, pos=array([0., 0.]), rgb=UNKNOWN, text=str(...), units='height', win=Window(...), wrapWidth=1)
26.5052 	EXP 	Created imageA = ImageStim(__class__=<class 'psychopy.visual.image.ImageStim'>, anchor=('center', 'center'), autoLog=True, color=array([1, 1, 1]), colorSpace='rgb', contrast=1.0, depth=0.0, flipHoriz=False, flipVert=False, image='sin', interpolate=True, mask=None, maskParams=None, name='imageA', opacity=1.0, ori=0.0, pos=array([-0.35,  0.2 ]), size=array([0.3, 0.3]), texRes=128.0, units='height', win=Window(...))
26.5112 	EXP 	Created imageB = ImageStim(__class__=<class 'psychopy.visual.image.ImageStim'>, anchor=('center', 'center'), autoLog=True, color=array([1, 1, 1]), colorSpace='rgb', contrast=1.0, depth=-1.0, flipHoriz=False, flipVert=False, image='sin', interpolate=True, mask=None, maskParams=None, name='imageB', opacity=1.0, ori=0.0, pos=array([0. , 0.2]), size=array([0.3, 0.3]), texRes=128.0, units='height', win=Window(...))
26.5170 	EXP 	Created imageC = ImageStim(__class__=<class 'psychopy.visual.image.ImageStim'>, anchor=('center', 'center'), autoLog=True, color=array([1, 1, 1]), colorSpace='rgb', contrast=1.0, depth=-2.0, flipHoriz=False, flipVert=False, image='sin', interpolate=True, mask=None, maskParams=None, name='imageC', opacity=1.0, ori=0.0, pos=array([0.35, 0.2 ]), size=array([0.3, 0.3]), texRes=128.0, units='height', win=Window(...))
26.5378 	EXP 	Created text_4 = TextStim(__class__=<class 'psychopy.visual.text.TextStim'>, alignHoriz=method-wrapper(...), alignText='center', alignVert=method-wrapper(...), anchorHoriz='center', anchorVert='center', antialias=True, autoDraw=False, autoLog=True, bold=False, color=array([1, 1, 1]), colorSpace='rgb', contrast=1.0, depth=-4.0, flipHoriz=False, flipVert=False, font='Open Sans', fontFiles=[], height=0.05, italic=False, languageStyle='LTR', name='text_4', opacity=1.0, ori=0.0, pos=array([0.  , 0.45]), rgb=UNKNOWN, text='Press RETURN to continue', units='height', win=Window(...), wrapWidth=1)
26.5443 	EXP 	Created text_3 = TextStim(__class__=<class 'psychopy.visual.text.TextStim'>, alignHoriz=method-wrapper(...), alignText='center', alignVert=method-wrapper(...), anchorHoriz='center', anchorVert='center', antialias=True, autoDraw=False, autoLog=True, bold=False, color=array([1, 1, 1]), colorSpace='rgb', contrast=1.0, depth=0.0, flipHoriz=False, flipVert=False, font='Open Sans', fontFiles=[], height=0.05, italic=False, languageStyle='LTR', name='text_3', opacity=1.0, ori=0.0, pos=array([0., 0.]), rgb=UNKNOWN, text=str(...), units='height', win=Window(...), wrapWidth=1)
26.5631 	EXP 	textbox_resp: autoLog = True
26.5631 	EXP 	text: autoDraw = True
30.5661 	EXP 	text: autoDraw = False
30.5661 	EXP 	text_2: autoDraw = True
211.9685 	EXP 	Imported landmark_stims_NameGen.xlsx as conditions, 4 conditions, 3 params
211.9754 	EXP 	Created sequence: random, trialTypes=4, nReps=1, seed=None
211.9770 	EXP 	New trial (rep=0, index=0): {'landmark_imagesA': 'images_NG/Landmark1.png', 'landmark_imagesB': 'images_NG/Landmark5.png', 'landmark_imagesC': 'images_NG/Landmark9.png'}
212.3906 	DATA 	Keypress: space
212.4383 	EXP 	text_2: autoDraw = False
212.4383 	EXP 	imageA: image = 'images_NG/Landmark1.png'
212.4383 	EXP 	imageB: image = 'images_NG/Landmark5.png'
212.4383 	EXP 	imageC: image = 'images_NG/Landmark9.png'
212.4383 	EXP 	imageA: autoDraw = True
212.4383 	EXP 	imageB: autoDraw = True
212.4383 	EXP 	imageC: autoDraw = True
212.4383 	EXP 	textbox_resp: autoDraw = True
212.4383 	EXP 	text_4: autoDraw = True
214.8104 	DATA 	Keypress: b
215.0136 	DATA 	Keypress: a
215.2638 	DATA 	Keypress: s
215.3212 	DATA 	Keypress: k
215.5126 	DATA 	Keypress: e
215.6752 	DATA 	Keypress: t
216.0881 	EXP 	New trial (rep=0, index=1): {'landmark_imagesA': 'images_NG/Landmark4.png', 'landmark_imagesB': 'images_NG/Landmark8.png', 'landmark_imagesC': 'images_NG/Landmark12.png'}
216.1417 	DATA 	Keypress: return
216.1550 	EXP 	imageA: autoDraw = False
216.1550 	EXP 	imageB: autoDraw = False
216.1550 	EXP 	imageC: autoDraw = False
216.1550 	EXP 	textbox_resp: autoDraw = False
216.1550 	EXP 	text_4: autoDraw = False
216.1550 	EXP 	imageA: image = 'images_NG/Landmark4.png'
216.1550 	EXP 	imageB: image = 'images_NG/Landmark8.png'
216.1550 	EXP 	imageC: image = 'images_NG/Landmark12.png'
216.1550 	EXP 	imageA: autoDraw = True
216.1550 	EXP 	imageB: autoDraw = True
216.1550 	EXP 	imageC: autoDraw = True
216.1550 	EXP 	textbox_resp: autoDraw = True
216.1550 	EXP 	text_4: autoDraw = True
218.0734 	DATA 	Keypress: h
219.1668 	DATA 	Keypress: backspace
220.4944 	DATA 	Keypress: t
220.6570 	DATA 	Keypress: h
220.7658 	DATA 	Keypress: r
220.9438 	DATA 	Keypress: e
221.0902 	DATA 	Keypress: e
221.2261 	DATA 	Keypress: space
221.6309 	DATA 	Keypress: b
221.7667 	DATA 	Keypress: a
222.0043 	DATA 	Keypress: s
222.2038 	DATA 	Keypress: k
222.3992 	DATA 	Keypress: e
222.5995 	DATA 	Keypress: t
222.7882 	EXP 	New trial (rep=0, index=2): {'landmark_imagesA': 'images_NG/Landmark3.png', 'landmark_imagesB': 'images_NG/Landmark7.png', 'landmark_imagesC': 'images_NG/Landmark11.png'}
222.8189 	DATA 	Keypress: return
222.8318 	EXP 	imageA: autoDraw = False
222.8318 	EXP 	imageB: autoDraw = False
222.8318 	EXP 	imageC: autoDraw = False
222.8318 	EXP 	textbox_resp: autoDraw = False
222.8318 	EXP 	text_4: autoDraw = False
222.8318 	EXP 	imageA: image = 'images_NG/Landmark3.png'
222.8318 	EXP 	imageB: image = 'images_NG/Landmark7.png'
222.8318 	EXP 	imageC: image = 'images_NG/Landmark11.png'
222.8318 	EXP 	imageA: autoDraw = True
222.8318 	EXP 	imageB: autoDraw = True
222.8318 	EXP 	imageC: autoDraw = True
222.8318 	EXP 	textbox_resp: autoDraw = True
222.8318 	EXP 	text_4: autoDraw = True
224.7160 	EXP 	New trial (rep=0, index=3): {'landmark_imagesA': 'images_NG/Landmark2.png', 'landmark_imagesB': 'images_NG/Landmark6.png', 'landmark_imagesC': 'images_NG/Landmark10.png'}
224.8076 	DATA 	Keypress: return
224.8212 	EXP 	imageA: autoDraw = False
224.8212 	EXP 	imageB: autoDraw = False
224.8212 	EXP 	imageC: autoDraw = False
224.8212 	EXP 	textbox_resp: autoDraw = False
224.8212 	EXP 	text_4: autoDraw = False
224.8212 	EXP 	imageA: image = 'images_NG/Landmark2.png'
224.8212 	EXP 	imageB: image = 'images_NG/Landmark6.png'
224.8212 	EXP 	imageC: image = 'images_NG/Landmark10.png'
224.8212 	EXP 	imageA: autoDraw = True
224.8212 	EXP 	imageB: autoDraw = True
224.8212 	EXP 	imageC: autoDraw = True
224.8212 	EXP 	textbox_resp: autoDraw = True
224.8212 	EXP 	text_4: autoDraw = True
225.1564 	DATA 	Keypress: return
225.1889 	EXP 	imageA: autoDraw = False
225.1889 	EXP 	imageB: autoDraw = False
225.1889 	EXP 	imageC: autoDraw = False
225.1889 	EXP 	textbox_resp: autoDraw = False
225.1889 	EXP 	text_4: autoDraw = False
225.1889 	EXP 	text_3: autoDraw = True
225.3906 	DATA 	Keypress: return
229.2066 	EXP 	text_3: autoDraw = False
229.7738 	EXP 	window1: mouseVisible = True
