5.2715 	WARNING 	We strongly recommend you activate the PTB sound engine in PsychoPy prefs as the preferred audio engine. Its timing is vastly superior. Your prefs are currently set to use ['sounddevice', 'PTB', 'pyo', 'pygame'] (in that order).
13.4109 	WARNING 	User requested fullscreen with size [1024  768], but screen is actually [1680, 1050]. Using actual size
15.8051 	WARNING 	Couldn't measure a consistent frame rate!
  - Is your graphics card set to sync to vertical blank?
  - Are you running other processes on your computer?

15.8069 	EXP 	Created window1 = Window(allowGUI=True, allowStencil=False, autoLog=True, backendConf=UNKNOWN, bitsMode=UNKNOWN, blendMode='avg', bpc=(8, 8, 8), color=array([0, 0, 0]), colorSpace='rgb', depthBits=8, fullscr=<method-wrapper '__getattribute__' of attributeSetter object at 0x7f9fcaf949d0>, gamma=None, gammaErrorPolicy='raise', lms=UNKNOWN, monitor=<psychopy.monitors.calibTools.Monitor object at 0x7f9f98a11dc0>, multiSample=False, name='window1', numSamples=2, pos=[420.0, 262.5], screen=0, size=array([3360, 2100]), stencilBits=0, stereo=False, units='height', useFBO=True, useRetina=True, viewOri=0.0, viewPos=None, viewScale=None, waitBlanking=True, winType='pyglet')
15.8073 	EXP 	window1: mouseVisible = True
15.8083 	EXP 	window1: mouseVisible = False
15.8083 	EXP 	window1: Attempting to measure frame rate of screen (0) ...
15.8084 	EXP 	window1: recordFrameIntervals = False
15.9706 	EXP 	window1: recordFrameIntervals = True
16.0732 	WARNING 	t of last frame was 23.03ms (=1/43)
16.2231 	WARNING 	t of last frame was 25.16ms (=1/39)
16.5565 	WARNING 	t of last frame was 23.10ms (=1/43)
16.7066 	WARNING 	t of last frame was 23.04ms (=1/43)
16.8421 	WARNING 	Multiple dropped frames have occurred - I'll stop bothering you about them!
17.6234 	WARNING 	Couldn't measure a consistent frame rate!
  - Is your graphics card set to sync to vertical blank?
  - Are you running other processes on your computer?

23.8424 	EXP 	Created text = TextStim(__class__=<class 'psychopy.visual.text.TextStim'>, alignHoriz=method-wrapper(...), alignText='center', alignVert=method-wrapper(...), anchorHoriz='center', anchorVert='center', antialias=True, autoDraw=False, autoLog=True, bold=False, color=array([1, 1, 1]), colorSpace='rgb', contrast=1.0, depth=0.0, flipHoriz=False, flipVert=False, font='Open Sans', fontFiles=[], height=0.05, italic=False, languageStyle='LTR', name='text', opacity=1.0, ori=0.0, pos=array([0., 0.]), rgb=UNKNOWN, text='Welcome to the Name Generation Task', units='height', win=Window(...), wrapWidth=1)
23.8612 	EXP 	Created text_2 = TextStim(__class__=<class 'psychopy.visual.text.TextStim'>, alignHoriz=method-wrapper(...), alignText='center', alignVert=method-wrapper(...), anchorHoriz='center', anchorVert='center', antialias=True, autoDraw=False, autoLog=True, bold=False, color=array([1, 1, 1]), colorSpace='rgb', contrast=1.0, depth=0.0, flipHoriz=False, flipVert=False, font='Open Sans', fontFiles=[], height=0.05, italic=False, languageStyle='LTR', name='text_2', opacity=1.0, ori=0.0, pos=array([0., 0.]), rgb=UNKNOWN, text=str(...), units='height', win=Window(...), wrapWidth=1)
23.8697 	EXP 	Created imageA = ImageStim(__class__=<class 'psychopy.visual.image.ImageStim'>, anchor=('center', 'center'), autoLog=True, color=array([1, 1, 1]), colorSpace='rgb', contrast=1.0, depth=0.0, flipHoriz=False, flipVert=False, image='sin', interpolate=True, mask=None, maskParams=None, name='imageA', opacity=1.0, ori=0.0, pos=array([-0.25,  0.2 ]), size=array([0.2, 0.2]), texRes=128.0, units='height', win=Window(...))
23.8745 	EXP 	Created imageB = ImageStim(__class__=<class 'psychopy.visual.image.ImageStim'>, anchor=('center', 'center'), autoLog=True, color=array([1, 1, 1]), colorSpace='rgb', contrast=1.0, depth=-1.0, flipHoriz=False, flipVert=False, image='sin', interpolate=True, mask=None, maskParams=None, name='imageB', opacity=1.0, ori=0.0, pos=array([0. , 0.2]), size=array([0.2, 0.2]), texRes=128.0, units='height', win=Window(...))
23.8796 	EXP 	Created imageC = ImageStim(__class__=<class 'psychopy.visual.image.ImageStim'>, anchor=('center', 'center'), autoLog=True, color=array([1, 1, 1]), colorSpace='rgb', contrast=1.0, depth=-2.0, flipHoriz=False, flipVert=False, image='sin', interpolate=True, mask=None, maskParams=None, name='imageC', opacity=1.0, ori=0.0, pos=array([0.25, 0.2 ]), size=array([0.2, 0.2]), texRes=128.0, units='height', win=Window(...))
23.8975 	EXP 	Created text_4 = TextStim(__class__=<class 'psychopy.visual.text.TextStim'>, alignHoriz=method-wrapper(...), alignText='center', alignVert=method-wrapper(...), anchorHoriz='center', anchorVert='center', antialias=True, autoDraw=False, autoLog=True, bold=False, color=array([1, 1, 1]), colorSpace='rgb', contrast=1.0, depth=-4.0, flipHoriz=False, flipVert=False, font='Open Sans', fontFiles=[], height=0.05, italic=False, languageStyle='LTR', name='text_4', opacity=1.0, ori=0.0, pos=array([0. , 0.3]), rgb=UNKNOWN, text='Press RETURN to continue', units='height', win=Window(...), wrapWidth=1)
23.9039 	EXP 	Created text_3 = TextStim(__class__=<class 'psychopy.visual.text.TextStim'>, alignHoriz=method-wrapper(...), alignText='center', alignVert=method-wrapper(...), anchorHoriz='center', anchorVert='center', antialias=True, autoDraw=False, autoLog=True, bold=False, color=array([1, 1, 1]), colorSpace='rgb', contrast=1.0, depth=0.0, flipHoriz=False, flipVert=False, font='Open Sans', fontFiles=[], height=0.05, italic=False, languageStyle='LTR', name='text_3', opacity=1.0, ori=0.0, pos=array([0., 0.]), rgb=UNKNOWN, text=str(...), units='height', win=Window(...), wrapWidth=1)
23.9308 	EXP 	textbox_resp: autoLog = True
23.9308 	EXP 	text: autoDraw = True
27.9310 	EXP 	text: autoDraw = False
27.9310 	EXP 	text_2: autoDraw = True
28.9933 	EXP 	Imported landmark_stims_NameGen.xlsx as conditions, 4 conditions, 3 params
28.9939 	EXP 	Created sequence: random, trialTypes=4, nReps=1, seed=None
28.9942 	EXP 	New trial (rep=0, index=0): {'landmark_imagesA': 'images_NG/Landmark2.png', 'landmark_imagesB': 'images_NG/Landmark6.png', 'landmark_imagesC': 'images_NG/Landmark10.png'}
29.1180 	DATA 	Keypress: space
29.1415 	EXP 	text_2: autoDraw = False
29.1415 	EXP 	imageA: image = 'images_NG/Landmark2.png'
29.1415 	EXP 	imageB: image = 'images_NG/Landmark6.png'
29.1415 	EXP 	imageC: image = 'images_NG/Landmark10.png'
29.1415 	EXP 	imageA: autoDraw = True
29.1415 	EXP 	imageB: autoDraw = True
29.1415 	EXP 	imageC: autoDraw = True
29.1415 	EXP 	textbox_resp: autoDraw = True
29.1415 	EXP 	text_4: autoDraw = True
39.6568 	DATA 	Keypress: d
39.8111 	DATA 	Keypress: c
39.9622 	DATA 	Keypress: d
40.0727 	DATA 	Keypress: c
40.2528 	DATA 	Keypress: d
40.9501 	EXP 	New trial (rep=0, index=1): {'landmark_imagesA': 'images_NG/Landmark1.png', 'landmark_imagesB': 'images_NG/Landmark5.png', 'landmark_imagesC': 'images_NG/Landmark9.png'}
40.9959 	DATA 	Keypress: return
41.0081 	EXP 	imageA: autoDraw = False
41.0081 	EXP 	imageB: autoDraw = False
41.0081 	EXP 	imageC: autoDraw = False
41.0081 	EXP 	textbox_resp: autoDraw = False
41.0081 	EXP 	text_4: autoDraw = False
41.0081 	EXP 	imageA: image = 'images_NG/Landmark1.png'
41.0081 	EXP 	imageB: image = 'images_NG/Landmark5.png'
41.0081 	EXP 	imageC: image = 'images_NG/Landmark9.png'
41.0081 	EXP 	imageA: autoDraw = True
41.0081 	EXP 	imageB: autoDraw = True
41.0081 	EXP 	imageC: autoDraw = True
41.0081 	EXP 	textbox_resp: autoDraw = True
41.0081 	EXP 	text_4: autoDraw = True
41.5096 	EXP 	New trial (rep=0, index=2): {'landmark_imagesA': 'images_NG/Landmark4.png', 'landmark_imagesB': 'images_NG/Landmark8.png', 'landmark_imagesC': 'images_NG/Landmark12.png'}
41.5482 	DATA 	Keypress: return
41.5604 	EXP 	imageA: autoDraw = False
41.5604 	EXP 	imageB: autoDraw = False
41.5604 	EXP 	imageC: autoDraw = False
41.5604 	EXP 	textbox_resp: autoDraw = False
41.5604 	EXP 	text_4: autoDraw = False
41.5604 	EXP 	imageA: image = 'images_NG/Landmark4.png'
41.5604 	EXP 	imageB: image = 'images_NG/Landmark8.png'
41.5604 	EXP 	imageC: image = 'images_NG/Landmark12.png'
41.5604 	EXP 	imageA: autoDraw = True
41.5604 	EXP 	imageB: autoDraw = True
41.5604 	EXP 	imageC: autoDraw = True
41.5604 	EXP 	textbox_resp: autoDraw = True
41.5604 	EXP 	text_4: autoDraw = True
41.8829 	EXP 	New trial (rep=0, index=3): {'landmark_imagesA': 'images_NG/Landmark3.png', 'landmark_imagesB': 'images_NG/Landmark7.png', 'landmark_imagesC': 'images_NG/Landmark11.png'}
41.9241 	DATA 	Keypress: return
41.9357 	EXP 	imageA: autoDraw = False
41.9357 	EXP 	imageB: autoDraw = False
41.9357 	EXP 	imageC: autoDraw = False
41.9357 	EXP 	textbox_resp: autoDraw = False
41.9357 	EXP 	text_4: autoDraw = False
41.9357 	EXP 	imageA: image = 'images_NG/Landmark3.png'
41.9357 	EXP 	imageB: image = 'images_NG/Landmark7.png'
41.9357 	EXP 	imageC: image = 'images_NG/Landmark11.png'
41.9357 	EXP 	imageA: autoDraw = True
41.9357 	EXP 	imageB: autoDraw = True
41.9357 	EXP 	imageC: autoDraw = True
41.9357 	EXP 	textbox_resp: autoDraw = True
41.9357 	EXP 	text_4: autoDraw = True
42.2368 	DATA 	Keypress: return
42.2474 	EXP 	imageA: autoDraw = False
42.2474 	EXP 	imageB: autoDraw = False
42.2474 	EXP 	imageC: autoDraw = False
42.2474 	EXP 	textbox_resp: autoDraw = False
42.2474 	EXP 	text_4: autoDraw = False
42.2474 	EXP 	text_3: autoDraw = True
42.8276 	DATA 	Keypress: return
46.2526 	EXP 	text_3: autoDraw = False
46.7983 	EXP 	window1: mouseVisible = True
